This file contains any messages produced by compilers while
running configure, to aid debugging if configure makes a mistake.

It was created by YAD configure 0.14.0, which was
generated by GNU Autoconf 2.68.  Invocation command line was

  $ ./configure 

## --------- ##
## Platform. ##
## --------- ##

hostname = eeenrk
uname -m = i686
uname -r = 2.6.32-5-686
uname -s = Linux
uname -v = #1 SMP Thu Nov 3 04:23:54 UTC 2011

/usr/bin/uname -p = unknown
/bin/uname -X     = unknown

/bin/arch              = unknown
/usr/bin/arch -k       = unknown
/usr/convex/getsysinfo = unknown
/usr/bin/hostinfo      = unknown
/bin/machine           = unknown
/usr/bin/oslevel       = unknown
/bin/universe          = unknown

PATH: /usr/local/bin
PATH: /usr/bin
PATH: /bin
PATH: /usr/local/games
PATH: /usr/games


## ----------- ##
## Core tests. ##
## ----------- ##

configure:2250: checking for a BSD-compatible install
configure:2318: result: /usr/bin/install -c
configure:2329: checking whether build environment is sane
configure:2379: result: yes
configure:2520: checking for a thread-safe mkdir -p
configure:2559: result: /bin/mkdir -p
configure:2572: checking for gawk
configure:2588: found /usr/bin/gawk
configure:2599: result: gawk
configure:2610: checking whether make sets $(MAKE)
configure:2632: result: yes
configure:2732: checking whether to enable maintainer-specific portions of Makefiles
configure:2741: result: no
configure:2756: checking whether NLS is requested
configure:2765: result: yes
configure:2781: checking for style of include used by make
configure:2809: result: GNU
configure:2879: checking for gcc
configure:2895: found /usr/bin/gcc
configure:2906: result: gcc
configure:3135: checking for C compiler version
configure:3144: gcc --version >&5
gcc (Debian 4.4.5-8) 4.4.5
Copyright (C) 2010 Free Software Foundation, Inc.
This is free software; see the source for copying conditions.  There is NO
warranty; not even for MERCHANTABILITY or FITNESS FOR A PARTICULAR PURPOSE.

configure:3155: $? = 0
configure:3144: gcc -v >&5
Using built-in specs.
Target: i486-linux-gnu
Configured with: ../src/configure -v --with-pkgversion='Debian 4.4.5-8' --with-bugurl=file:///usr/share/doc/gcc-4.4/README.Bugs --enable-languages=c,c++,fortran,objc,obj-c++ --prefix=/usr --program-suffix=-4.4 --enable-shared --enable-multiarch --enable-linker-build-id --with-system-zlib --libexecdir=/usr/lib --without-included-gettext --enable-threads=posix --with-gxx-include-dir=/usr/include/c++/4.4 --libdir=/usr/lib --enable-nls --enable-clocale=gnu --enable-libstdcxx-debug --enable-objc-gc --enable-targets=all --with-arch-32=i586 --with-tune=generic --enable-checking=release --build=i486-linux-gnu --host=i486-linux-gnu --target=i486-linux-gnu
Thread model: posix
gcc version 4.4.5 (Debian 4.4.5-8) 
configure:3155: $? = 0
configure:3144: gcc -V >&5
gcc: '-V' option must have argument
configure:3155: $? = 1
configure:3144: gcc -qversion >&5
gcc: unrecognized option '-qversion'
gcc: no input files
configure:3155: $? = 1
configure:3175: checking whether the C compiler works
configure:3197: gcc    conftest.c  >&5
configure:3201: $? = 0
configure:3249: result: yes
configure:3252: checking for C compiler default output file name
configure:3254: result: a.out
configure:3260: checking for suffix of executables
configure:3267: gcc -o conftest    conftest.c  >&5
configure:3271: $? = 0
configure:3293: result: 
configure:3315: checking whether we are cross compiling
configure:3323: gcc -o conftest    conftest.c  >&5
configure:3327: $? = 0
configure:3334: ./conftest
configure:3338: $? = 0
configure:3353: result: no
configure:3358: checking for suffix of object files
configure:3380: gcc -c   conftest.c >&5
configure:3384: $? = 0
configure:3405: result: o
configure:3409: checking whether we are using the GNU C compiler
configure:3428: gcc -c   conftest.c >&5
configure:3428: $? = 0
configure:3437: result: yes
configure:3446: checking whether gcc accepts -g
configure:3466: gcc -c -g  conftest.c >&5
configure:3466: $? = 0
configure:3507: result: yes
configure:3524: checking for gcc option to accept ISO C89
configure:3588: gcc  -c -g -O2  conftest.c >&5
configure:3588: $? = 0
configure:3601: result: none needed
configure:3623: checking dependency style of gcc
configure:3733: result: gcc3
configure:3760: checking for intltool >= 0.40.0
configure:3767: result: 0.41.1 found
configure:3775: checking for intltool-update
configure:3793: found /usr/bin/intltool-update
configure:3805: result: /usr/bin/intltool-update
configure:3815: checking for intltool-merge
configure:3833: found /usr/bin/intltool-merge
configure:3845: result: /usr/bin/intltool-merge
configure:3855: checking for intltool-extract
configure:3873: found /usr/bin/intltool-extract
configure:3885: result: /usr/bin/intltool-extract
configure:4016: checking for xgettext
configure:4034: found /usr/bin/xgettext
configure:4046: result: /usr/bin/xgettext
configure:4056: checking for msgmerge
configure:4074: found /usr/bin/msgmerge
configure:4086: result: /usr/bin/msgmerge
configure:4096: checking for msgfmt
configure:4114: found /usr/bin/msgfmt
configure:4126: result: /usr/bin/msgfmt
configure:4136: checking for gmsgfmt
configure:4167: result: /usr/bin/msgfmt
configure:4187: checking for perl
configure:4205: found /usr/bin/perl
configure:4217: result: /usr/bin/perl
configure:4228: checking for perl >= 5.8.1
configure:4235: result: 5.10.1
configure:4239: checking for XML::Parser
configure:4242: result: ok
configure:4267: gcc -o conftest -g -O2   conftest.c  >&5
configure:4267: $? = 0
configure:4342: checking for gcc
configure:4369: result: gcc
configure:4598: checking for C compiler version
configure:4607: gcc --version >&5
gcc (Debian 4.4.5-8) 4.4.5
Copyright (C) 2010 Free Software Foundation, Inc.
This is free software; see the source for copying conditions.  There is NO
warranty; not even for MERCHANTABILITY or FITNESS FOR A PARTICULAR PURPOSE.

configure:4618: $? = 0
configure:4607: gcc -v >&5
Using built-in specs.
Target: i486-linux-gnu
Configured with: ../src/configure -v --with-pkgversion='Debian 4.4.5-8' --with-bugurl=file:///usr/share/doc/gcc-4.4/README.Bugs --enable-languages=c,c++,fortran,objc,obj-c++ --prefix=/usr --program-suffix=-4.4 --enable-shared --enable-multiarch --enable-linker-build-id --with-system-zlib --libexecdir=/usr/lib --without-included-gettext --enable-threads=posix --with-gxx-include-dir=/usr/include/c++/4.4 --libdir=/usr/lib --enable-nls --enable-clocale=gnu --enable-libstdcxx-debug --enable-objc-gc --enable-targets=all --with-arch-32=i586 --with-tune=generic --enable-checking=release --build=i486-linux-gnu --host=i486-linux-gnu --target=i486-linux-gnu
Thread model: posix
gcc version 4.4.5 (Debian 4.4.5-8) 
configure:4618: $? = 0
configure:4607: gcc -V >&5
gcc: '-V' option must have argument
configure:4618: $? = 1
configure:4607: gcc -qversion >&5
gcc: unrecognized option '-qversion'
gcc: no input files
configure:4618: $? = 1
configure:4622: checking whether we are using the GNU C compiler
configure:4650: result: yes
configure:4659: checking whether gcc accepts -g
configure:4720: result: yes
configure:4737: checking for gcc option to accept ISO C89
configure:4814: result: none needed
configure:4836: checking dependency style of gcc
configure:4946: result: gcc3
configure:5018: checking for pkg-config
configure:5036: found /usr/bin/pkg-config
configure:5048: result: /usr/bin/pkg-config
configure:5073: checking pkg-config is at least version 0.9.0
configure:5076: result: yes
configure:5086: checking for YAD
configure:5093: $PKG_CONFIG --exists --print-errors "gtk+-3.0 >= $GTK3_REQUIRED"
Package gtk+-3.0 was not found in the pkg-config search path.
Perhaps you should add the directory containing `gtk+-3.0.pc'
to the PKG_CONFIG_PATH environment variable
No package 'gtk+-3.0' found
configure:5096: $? = 1
configure:5109: $PKG_CONFIG --exists --print-errors "gtk+-3.0 >= $GTK3_REQUIRED"
Package gtk+-3.0 was not found in the pkg-config search path.
Perhaps you should add the directory containing `gtk+-3.0.pc'
to the PKG_CONFIG_PATH environment variable
No package 'gtk+-3.0' found
configure:5112: $? = 1
configure:5125: result: no
No package 'gtk+-3.0' found
configure:5157: checking for YAD
configure:5164: $PKG_CONFIG --exists --print-errors "gtk+-2.0 >= $GTK2_REQUIRED"
Package gtk+-2.0 was not found in the pkg-config search path.
Perhaps you should add the directory containing `gtk+-2.0.pc'
to the PKG_CONFIG_PATH environment variable
No package 'gtk+-2.0' found
configure:5167: $? = 1
configure:5180: $PKG_CONFIG --exists --print-errors "gtk+-2.0 >= $GTK2_REQUIRED"
Package gtk+-2.0 was not found in the pkg-config search path.
Perhaps you should add the directory containing `gtk+-2.0.pc'
to the PKG_CONFIG_PATH environment variable
No package 'gtk+-2.0' found
configure:5183: $? = 1
configure:5196: result: no
No package 'gtk+-2.0' found
configure:5212: error: Package requirements (gtk+-2.0 >= 2.16.0) were not met:

No package 'gtk+-2.0' found

Consider adjusting the PKG_CONFIG_PATH environment variable if you
installed software in a non-standard prefix.

Alternatively, you may set the environment variables YAD_CFLAGS
and YAD_LIBS to avoid the need to call pkg-config.
See the pkg-config man page for more details.

## ---------------- ##
## Cache variables. ##
## ---------------- ##

ac_cv_c_compiler_gnu=yes
ac_cv_env_CC_set=
ac_cv_env_CC_value=
ac_cv_env_CFLAGS_set=
ac_cv_env_CFLAGS_value=
ac_cv_env_CPPFLAGS_set=
ac_cv_env_CPPFLAGS_value=
ac_cv_env_CPP_set=
ac_cv_env_CPP_value=
ac_cv_env_LDFLAGS_set=
ac_cv_env_LDFLAGS_value=
ac_cv_env_LIBS_set=
ac_cv_env_LIBS_value=
ac_cv_env_PKG_CONFIG_LIBDIR_set=
ac_cv_env_PKG_CONFIG_LIBDIR_value=
ac_cv_env_PKG_CONFIG_PATH_set=set
ac_cv_env_PKG_CONFIG_PATH_value=/usr/lib/gtk-2.0/
ac_cv_env_PKG_CONFIG_set=
ac_cv_env_PKG_CONFIG_value=
ac_cv_env_YAD_CFLAGS_set=
ac_cv_env_YAD_CFLAGS_value=
ac_cv_env_YAD_LIBS_set=
ac_cv_env_YAD_LIBS_value=
ac_cv_env_build_alias_set=
ac_cv_env_build_alias_value=
ac_cv_env_host_alias_set=
ac_cv_env_host_alias_value=
ac_cv_env_target_alias_set=
ac_cv_env_target_alias_value=
ac_cv_objext=o
ac_cv_path_GMSGFMT=/usr/bin/msgfmt
ac_cv_path_INTLTOOL_EXTRACT=/usr/bin/intltool-extract
ac_cv_path_INTLTOOL_MERGE=/usr/bin/intltool-merge
ac_cv_path_INTLTOOL_PERL=/usr/bin/perl
ac_cv_path_INTLTOOL_UPDATE=/usr/bin/intltool-update
ac_cv_path_MSGFMT=/usr/bin/msgfmt
ac_cv_path_MSGMERGE=/usr/bin/msgmerge
ac_cv_path_XGETTEXT=/usr/bin/xgettext
ac_cv_path_ac_pt_PKG_CONFIG=/usr/bin/pkg-config
ac_cv_path_install='/usr/bin/install -c'
ac_cv_path_mkdir=/bin/mkdir
ac_cv_prog_AWK=gawk
ac_cv_prog_ac_ct_CC=gcc
ac_cv_prog_cc_c89=
ac_cv_prog_cc_g=yes
ac_cv_prog_make_make_set=yes
am_cv_CC_dependencies_compiler_type=gcc3

## ----------------- ##
## Output variables. ##
## ----------------- ##

ACLOCAL='${SHELL} /home/narko/NrkNote/yad-0.14.0/missing --run aclocal-1.11'
ALL_LINGUAS=''
AMDEPBACKSLASH='\'
AMDEP_FALSE='#'
AMDEP_TRUE=''
AMTAR='${SHELL} /home/narko/NrkNote/yad-0.14.0/missing --run tar'
AM_BACKSLASH='\'
AM_CFLAGS=''
AM_CPPFLAGS=''
AM_DEFAULT_VERBOSITY='0'
AM_LDFLAGS=''
AUTOCONF='${SHELL} /home/narko/NrkNote/yad-0.14.0/missing --run autoconf'
AUTOHEADER='${SHELL} /home/narko/NrkNote/yad-0.14.0/missing --run autoheader'
AUTOMAKE='${SHELL} /home/narko/NrkNote/yad-0.14.0/missing --run automake-1.11'
AWK='gawk'
BUILD_IB_FALSE=''
BUILD_IB_TRUE=''
CATALOGS=''
CATOBJEXT=''
CC='gcc'
CCDEPMODE='depmode=gcc3'
CFLAGS='-g -O2'
CPP=''
CPPFLAGS=''
CYGPATH_W='echo'
DATADIRNAME='share'
DEFS=''
DEPDIR='.deps'
DISABLE_DEPRECATED=''
ECHO_C=''
ECHO_N='-n'
ECHO_T=''
EGREP=''
EXEEXT=''
GETTEXT_PACKAGE=''
GMOFILES=''
GMSGFMT='/usr/bin/msgfmt'
GREP=''
INSTALL_DATA='${INSTALL} -m 644'
INSTALL_PROGRAM='${INSTALL}'
INSTALL_SCRIPT='${INSTALL}'
INSTALL_STRIP_PROGRAM='$(install_sh) -c -s'
INSTOBJEXT=''
INTLLIBS=''
INTLTOOL_CAVES_RULE='%.caves:     %.caves.in     $(INTLTOOL_MERGE) $(wildcard $(top_srcdir)/po/*.po) ; LC_ALL=C $(INTLTOOL_MERGE) -d -u -c $(top_builddir)/po/.intltool-merge-cache $(top_srcdir)/po $< $@'
INTLTOOL_DESKTOP_RULE='%.desktop:   %.desktop.in   $(INTLTOOL_MERGE) $(wildcard $(top_srcdir)/po/*.po) ; LC_ALL=C $(INTLTOOL_MERGE) -d -u -c $(top_builddir)/po/.intltool-merge-cache $(top_srcdir)/po $< $@'
INTLTOOL_DIRECTORY_RULE='%.directory: %.directory.in $(INTLTOOL_MERGE) $(wildcard $(top_srcdir)/po/*.po) ; LC_ALL=C $(INTLTOOL_MERGE) -d -u -c $(top_builddir)/po/.intltool-merge-cache $(top_srcdir)/po $< $@'
INTLTOOL_EXTRACT='/usr/bin/intltool-extract'
INTLTOOL_KBD_RULE='%.kbd:       %.kbd.in       $(INTLTOOL_MERGE) $(wildcard $(top_srcdir)/po/*.po) ; LC_ALL=C $(INTLTOOL_MERGE) -x -u -m -c $(top_builddir)/po/.intltool-merge-cache $(top_srcdir)/po $< $@'
INTLTOOL_KEYS_RULE='%.keys:      %.keys.in      $(INTLTOOL_MERGE) $(wildcard $(top_srcdir)/po/*.po) ; LC_ALL=C $(INTLTOOL_MERGE) -k -u -c $(top_builddir)/po/.intltool-merge-cache $(top_srcdir)/po $< $@'
INTLTOOL_MERGE='/usr/bin/intltool-merge'
INTLTOOL_OAF_RULE='%.oaf:       %.oaf.in       $(INTLTOOL_MERGE) $(wildcard $(top_srcdir)/po/*.po) ; LC_ALL=C $(INTLTOOL_MERGE) -o -p $(top_srcdir)/po $< $@'
INTLTOOL_PERL='/usr/bin/perl'
INTLTOOL_POLICY_RULE='%.policy:    %.policy.in    $(INTLTOOL_MERGE) $(wildcard $(top_srcdir)/po/*.po) ; LC_ALL=C $(INTLTOOL_MERGE) -x -u -c $(top_builddir)/po/.intltool-merge-cache $(top_srcdir)/po $< $@'
INTLTOOL_PONG_RULE='%.pong:      %.pong.in      $(INTLTOOL_MERGE) $(wildcard $(top_srcdir)/po/*.po) ; LC_ALL=C $(INTLTOOL_MERGE) -x -u -c $(top_builddir)/po/.intltool-merge-cache $(top_srcdir)/po $< $@'
INTLTOOL_PROP_RULE='%.prop:      %.prop.in      $(INTLTOOL_MERGE) $(wildcard $(top_srcdir)/po/*.po) ; LC_ALL=C $(INTLTOOL_MERGE) -d -u -c $(top_builddir)/po/.intltool-merge-cache $(top_srcdir)/po $< $@'
INTLTOOL_SCHEMAS_RULE='%.schemas:   %.schemas.in   $(INTLTOOL_MERGE) $(wildcard $(top_srcdir)/po/*.po) ; LC_ALL=C $(INTLTOOL_MERGE) -s -u -c $(top_builddir)/po/.intltool-merge-cache $(top_srcdir)/po $< $@'
INTLTOOL_SERVER_RULE='%.server:    %.server.in    $(INTLTOOL_MERGE) $(wildcard $(top_srcdir)/po/*.po) ; LC_ALL=C $(INTLTOOL_MERGE) -o -u -c $(top_builddir)/po/.intltool-merge-cache $(top_srcdir)/po $< $@'
INTLTOOL_SERVICE_RULE='%.service: %.service.in   $(INTLTOOL_MERGE) $(wildcard $(top_srcdir)/po/*.po) ; LC_ALL=C $(INTLTOOL_MERGE) -d -u -c $(top_builddir)/po/.intltool-merge-cache $(top_srcdir)/po $< $@'
INTLTOOL_SHEET_RULE='%.sheet:     %.sheet.in     $(INTLTOOL_MERGE) $(wildcard $(top_srcdir)/po/*.po) ; LC_ALL=C $(INTLTOOL_MERGE) -x -u -c $(top_builddir)/po/.intltool-merge-cache $(top_srcdir)/po $< $@'
INTLTOOL_SOUNDLIST_RULE='%.soundlist: %.soundlist.in $(INTLTOOL_MERGE) $(wildcard $(top_srcdir)/po/*.po) ; LC_ALL=C $(INTLTOOL_MERGE) -d -u -c $(top_builddir)/po/.intltool-merge-cache $(top_srcdir)/po $< $@'
INTLTOOL_THEME_RULE='%.theme:     %.theme.in     $(INTLTOOL_MERGE) $(wildcard $(top_srcdir)/po/*.po) ; LC_ALL=C $(INTLTOOL_MERGE) -d -u -c $(top_builddir)/po/.intltool-merge-cache $(top_srcdir)/po $< $@'
INTLTOOL_UI_RULE='%.ui:        %.ui.in        $(INTLTOOL_MERGE) $(wildcard $(top_srcdir)/po/*.po) ; LC_ALL=C $(INTLTOOL_MERGE) -x -u -c $(top_builddir)/po/.intltool-merge-cache $(top_srcdir)/po $< $@'
INTLTOOL_UPDATE='/usr/bin/intltool-update'
INTLTOOL_XAM_RULE='%.xam:       %.xml.in       $(INTLTOOL_MERGE) $(wildcard $(top_srcdir)/po/*.po) ; LC_ALL=C $(INTLTOOL_MERGE) -x -u -c $(top_builddir)/po/.intltool-merge-cache $(top_srcdir)/po $< $@'
INTLTOOL_XML_NOMERGE_RULE='%.xml:       %.xml.in       $(INTLTOOL_MERGE) ; LC_ALL=C $(INTLTOOL_MERGE) -x -u /tmp $< $@'
INTLTOOL_XML_RULE='%.xml:       %.xml.in       $(INTLTOOL_MERGE) $(wildcard $(top_srcdir)/po/*.po) ; LC_ALL=C $(INTLTOOL_MERGE) -x -u -c $(top_builddir)/po/.intltool-merge-cache $(top_srcdir)/po $< $@'
LDFLAGS=''
LIBOBJS=''
LIBS=''
LTLIBOBJS=''
MAINT='#'
MAINTAINER_MODE_FALSE=''
MAINTAINER_MODE_TRUE='#'
MAKEINFO='${SHELL} /home/narko/NrkNote/yad-0.14.0/missing --run makeinfo'
MKDIR_P='/bin/mkdir -p'
MKINSTALLDIRS=''
MSGFMT='/usr/bin/msgfmt'
MSGFMT_OPTS=''
MSGMERGE='/usr/bin/msgmerge'
OBJEXT='o'
PACKAGE='yad'
PACKAGE_BUGREPORT='http://code.google.com/p/yad/issues/entry'
PACKAGE_NAME='YAD'
PACKAGE_STRING='YAD 0.14.0'
PACKAGE_TARNAME='yad'
PACKAGE_URL='http://code.google.com/p/yad'
PACKAGE_VERSION='0.14.0'
PATH_SEPARATOR=':'
PKG_CONFIG='/usr/bin/pkg-config'
PKG_CONFIG_LIBDIR=''
PKG_CONFIG_PATH='/usr/lib/gtk-2.0/'
POFILES=''
POSUB=''
PO_IN_DATADIR_FALSE=''
PO_IN_DATADIR_TRUE=''
SET_MAKE=''
SHELL='/bin/bash'
STRIP=''
USE_NLS='yes'
VERSION='0.14.0'
XGETTEXT='/usr/bin/xgettext'
YAD_CFLAGS=''
YAD_LIBS=''
ac_ct_CC='gcc'
am__EXEEXT_FALSE=''
am__EXEEXT_TRUE=''
am__fastdepCC_FALSE='#'
am__fastdepCC_TRUE=''
am__include='include'
am__isrc=''
am__leading_dot='.'
am__quote=''
am__tar='${AMTAR} chof - "$$tardir"'
am__untar='${AMTAR} xf -'
bindir='${exec_prefix}/bin'
build_alias=''
datadir='${datarootdir}'
datarootdir='${prefix}/share'
docdir='${datarootdir}/doc/${PACKAGE_TARNAME}'
dvidir='${docdir}'
exec_prefix='NONE'
host_alias=''
htmldir='${docdir}'
includedir='${prefix}/include'
infodir='${datarootdir}/info'
install_sh='${SHELL} /home/narko/NrkNote/yad-0.14.0/install-sh'
libdir='${exec_prefix}/lib'
libexecdir='${exec_prefix}/libexec'
localedir='${datarootdir}/locale'
localstatedir='${prefix}/var'
mandir='${datarootdir}/man'
mkdir_p='/bin/mkdir -p'
oldincludedir='/usr/include'
pdfdir='${docdir}'
prefix='NONE'
program_transform_name='s,x,x,'
psdir='${docdir}'
sbindir='${exec_prefix}/sbin'
sharedstatedir='${prefix}/com'
sysconfdir='${prefix}/etc'
target_alias=''

## ----------- ##
## confdefs.h. ##
## ----------- ##

/* confdefs.h */
#define PACKAGE_NAME "YAD"
#define PACKAGE_TARNAME "yad"
#define PACKAGE_VERSION "0.14.0"
#define PACKAGE_STRING "YAD 0.14.0"
#define PACKAGE_BUGREPORT "http://code.google.com/p/yad/issues/entry"
#define PACKAGE_URL "http://code.google.com/p/yad"
#define PACKAGE "yad"
#define VERSION "0.14.0"

configure: exit 1
